Arguments: 
  C:\Program Files\nodejs\node.exe C:\Users\dell\AppData\Roaming\npm\node_modules\yarn\bin\yarn.js add react-native-safe-area-context@3.3.2 react-native-screens@3.8.0 react-native-svg@12.1.1 react-nartive-webview@11.13.0

PATH: 
  C:\Python27\;C:\Python27\Scripts;C:\Program Files (x86)\Business Objects\Common\3.5\bin\NOTES\;C:\Program Files (x86)\Business Objects\Common\3.5\bin\NOTES\DATA\;C:\Program Files\MongoDB\Server\4.2\bin;C:\WINDOWS\system32;C:\WINDOWS;C:\WINDOWS\System32\Wbem;C:\WINDOWS\System32\WindowsPowerShell\v1.0\;C:\WINDOWS\System32\OpenSSH\;C:\Program Files (x86)\Brackets\command;C:\Program Files\Common Files\Autodesk Shared\;C:\Program Files (x86)\Autodesk\Backburner\;C:\Program Files\Git\cmd;C:\Program Files\PuTTY\;C:\Program Files\Microsoft SQL Server\Client SDK\ODBC\170\Tools\Binn\;C:\Program Files (x86)\Microsoft SQL Server\150\Tools\Binn\;C:\Program Files\Microsoft SQL Server\150\Tools\Binn\;C:\Program Files\Microsoft SQL Server\150\DTS\Binn\;C:\Program Files (x86)\Comarch ERP XL 2021.0;C:\Program Files\Azure Data Studio\bin;C:\Program Files (x86)\Microsoft SQL Server\150\DTS\Binn\;C:\ProgramData\chocolatey\bin;C:\Program Files\nodejs\;C:\Program Files\MySQL\MySQL Shell 8.0\bin\;C:\Users\dell\AppData\Local\Microsoft\WindowsApps;C:\Users\dell\AppData\Local\Programs\Microsoft VS Code\bin;C:\Program Files\heroku\bin;C:\Users\dell\AppData\Local\GitHubDesktop\bin;C:\xampp\php;;C:\Users\dell\AppData\Local\Microsoft\WindowsApps;C:\Program Files\Azure Data Studio\bin;C:\Users\dell\AppData\Roaming\npm

Yarn version: 
  1.22.17

Node version: 
  14.18.1

Platform: 
  win32 x64

Trace: 
  Error: https://registry.npmjs.org/react-nartive-webview: Not found
      at Request.params.callback [as _callback] (C:\Users\dell\AppData\Roaming\npm\node_modules\yarn\lib\cli.js:67029:18)
      at Request.self.callback (C:\Users\dell\AppData\Roaming\npm\node_modules\yarn\lib\cli.js:140883:22)
      at Request.emit (events.js:400:28)
      at Request.<anonymous> (C:\Users\dell\AppData\Roaming\npm\node_modules\yarn\lib\cli.js:141855:10)
      at Request.emit (events.js:400:28)
      at IncomingMessage.<anonymous> (C:\Users\dell\AppData\Roaming\npm\node_modules\yarn\lib\cli.js:141777:12)
      at Object.onceWrapper (events.js:519:28)
      at IncomingMessage.emit (events.js:412:35)
      at endReadableNT (internal/streams/readable.js:1334:12)
      at processTicksAndRejections (internal/process/task_queues.js:82:21)

npm manifest: 
  {
  	"main": "node_modules/expo/AppEntry.js",
  	"scripts": {
  		"start": "expo start",
  		"android": "expo start --android",
  		"ios": "expo start --ios",
  		"web": "expo start --web",
  		"eject": "expo eject",
  		"lint": "eslint . --ext .js"
  	},
  	"dependencies": {
  		"@expo-google-fonts/lato": "^0.1.0",
  		"@expo-google-fonts/oswald": "^0.1.0",
  		"@react-native-async-storage/async-storage": "^1.13.2",
  		"@react-native-community/masked-view": "0.1.10",
  		"@react-navigation/bottom-tabs": "^5.11.2",
  		"@react-navigation/native": "^5.8.10",
  		"@react-navigation/stack": "^5.12.8",
  		"camelize": "^1.0.0",
  		"expo": "~43.0.2",
  		"expo-font": "~8.4.0",
  		"expo-status-bar": "~1.1.0",
  		"firebase": "7.9.0",
  		"lottie-react-native": "~2.6.1",
  		"react": "17.0.1",
  		"react-dom": "17.0.1",
  		"react-native": "0.64.3",
  		"react-native-credit-card-input": "^0.4.1",
  		"react-native-gesture-handler": "~1.8.0",
  		"react-native-maps": "0.27.1",
  		"react-native-paper": "^4.10.0",
  		"react-native-reanimated": "~1.13.0",
  		"react-native-safe-area-context": "3.1.9",
  		"react-native-screens": "~2.15.0",
  		"react-native-svg": "12.1.0",
  		"react-native-web": "0.17.1",
  		"react-native-webview": "11.0.0",
  		"stripe-client": "^1.1.5",
  		"styled-components": "^5.3.3"
  	},
  	"devDependencies": {
  		"@babel/core": "^7.12.9",
  		"@react-native-community/eslint-config": "^2.0.0",
  		"eslint": "^7.16.0",
  		"prettier": "^2.2.1"
  	},
  	"private": true
  }

yarn manifest: 
  No manifest

Lockfile: 
  No lockfile
